[    0.000000] Linux version 4.15.0-163-generic (buildd@lcy01-amd64-021) (gcc version 7.5.0 (Ubuntu 7.5.0-3ubuntu1~18.04)) #171-Ubuntu SMP Fri Nov 5 11:55:11 UTC 2021 (Ubuntu 4.15.0-163.171-generic 4.15.18)
[    0.000000] Command line: BOOT_IMAGE=/boot/vmlinuz-4.15.0-163-generic root=UUID=b4821a18-e421-4128-97a6-636c3c3a9a1c ro console=tty1 console=ttyS0
[    0.000000] KERNEL supported cpus:
[    0.000000]   Intel GenuineIntel
[    0.000000]   AMD AuthenticAMD
[    0.000000]   Centaur CentaurHauls
[    0.000000] x86/fpu: Supporting XSAVE feature 0x001: 'x87 floating point registers'
[    0.000000] x86/fpu: Supporting XSAVE feature 0x002: 'SSE registers'
[    0.000000] x86/fpu: Supporting XSAVE feature 0x004: 'AVX registers'
[    0.000000] x86/fpu: xstate_offset[2]:  576, xstate_sizes[2]:  256
[    0.000000] x86/fpu: Enabled xstate features 0x7, context size is 832 bytes, using 'standard' format.
[    0.000000] e820: BIOS-provided physical RAM map:
[    0.000000] BIOS-e820: [mem 0x0000000000000000-0x000000000009fbff] usable
[    0.000000] BIOS-e820: [mem 0x000000000009fc00-0x000000000009ffff] reserved
[    0.000000] BIOS-e820: [mem 0x00000000000f0000-0x00000000000fffff] reserved
[    0.000000] BIOS-e820: [mem 0x0000000000100000-0x000000001ffeffff] usable
[    0.000000] BIOS-e820: [mem 0x000000001fff0000-0x000000001fffffff] ACPI data
[    0.000000] BIOS-e820: [mem 0x00000000fec00000-0x00000000fec00fff] reserved
[    0.000000] BIOS-e820: [mem 0x00000000fee00000-0x00000000fee00fff] reserved
[    0.000000] BIOS-e820: [mem 0x00000000fffc0000-0x00000000ffffffff] reserved
[    0.000000] NX (Execute Disable) protection: active
[    0.000000] SMBIOS 2.5 present.
[    0.000000] DMI: innotek GmbH VirtualBox/VirtualBox, BIOS VirtualBox 12/01/2006
[    0.000000] Hypervisor detected: KVM
[    0.000000] e820: last_pfn = 0x1fff0 max_arch_pfn = 0x400000000
[    0.000000] MTRR: Disabled
[    0.000000] x86/PAT: MTRRs disabled, skipping PAT initialization too.
[    0.000000] CPU MTRRs all blank - virtualized system.
[    0.000000] x86/PAT: Configuration [0-7]: WB  WT  UC- UC  WB  WT  UC- UC  
[    0.000000] found SMP MP-table at [mem 0x0009fff0-0x0009ffff]
[    0.000000] Scanning 1 areas for low memory corruption
[    0.000000] RAMDISK: [mem 0x1d9ff000-0x1ede6fff]
[    0.000000] ACPI: Early table checksum verification disabled
[    0.000000] ACPI: RSDP 0x00000000000E0000 000024 (v02 VBOX  )
[    0.000000] ACPI: XSDT 0x000000001FFF0030 00003C (v01 VBOX   VBOXXSDT 00000001 ASL  00000061)
[    0.000000] ACPI: FACP 0x000000001FFF00F0 0000F4 (v04 VBOX   VBOXFACP 00000001 ASL  00000061)
[    0.000000] ACPI: DSDT 0x000000001FFF0470 002325 (v02 VBOX   VBOXBIOS 00000002 INTL 20100528)
[    0.000000] ACPI: FACS 0x000000001FFF0200 000040
[    0.000000] ACPI: FACS 0x000000001FFF0200 000040
[    0.000000] ACPI: APIC 0x000000001FFF0240 000054 (v02 VBOX   VBOXAPIC 00000001 ASL  00000061)
[    0.000000] ACPI: SSDT 0x000000001FFF02A0 0001CC (v01 VBOX   VBOXCPUT 00000002 INTL 20100528)
[    0.000000] ACPI: Reserving FACP table memory at [mem 0x1fff00f0-0x1fff01e3]
[    0.000000] ACPI: Reserving DSDT table memory at [mem 0x1fff0470-0x1fff2794]
[    0.000000] ACPI: Reserving FACS table memory at [mem 0x1fff0200-0x1fff023f]
[    0.000000] ACPI: Reserving FACS table memory at [mem 0x1fff0200-0x1fff023f]
[    0.000000] ACPI: Reserving APIC table memory at [mem 0x1fff0240-0x1fff0293]
[    0.000000] ACPI: Reserving SSDT table memory at [mem 0x1fff02a0-0x1fff046b]
[    0.000000] No NUMA configuration found
[    0.000000] Faking a node at [mem 0x0000000000000000-0x000000001ffeffff]
[    0.000000] NODE_DATA(0) allocated [mem 0x1ffc5000-0x1ffeffff]
[    0.000000] kvm-clock: cpu 0, msr 0:1ff44001, primary cpu clock
[    0.000000] kvm-clock: Using msrs 4b564d01 and 4b564d00
[    0.000000] kvm-clock: using sched offset of 3544533720 cycles
[    0.000000] clocksource: kvm-clock: mask: 0xffffffffffffffff max_cycles: 0x1cd42e4dffb, max_idle_ns: 881590591483 ns
[    0.000000] Zone ranges:
[    0.000000]   DMA      [mem 0x0000000000001000-0x0000000000ffffff]
[    0.000000]   DMA32    [mem 0x0000000001000000-0x000000001ffeffff]
[    0.000000]   Normal   empty
[    0.000000]   Device   empty
[    0.000000] Movable zone start for each node
[    0.000000] Early memory node ranges
[    0.000000]   node   0: [mem 0x0000000000001000-0x000000000009efff]
[    0.000000]   node   0: [mem 0x0000000000100000-0x000000001ffeffff]
[    0.000000] Reserved but unavailable: 104 pages
[    0.000000] Initmem setup node 0 [mem 0x0000000000001000-0x000000001ffeffff]
[    0.000000] ACPI: PM-Timer IO Port: 0x4008
[    0.000000] IOAPIC[0]: apic_id 1, version 32, address 0xfec00000, GSI 0-23
[    0.000000] ACPI: INT_SRC_OVR (bus 0 bus_irq 0 global_irq 2 dfl dfl)
[    0.000000] ACPI: INT_SRC_OVR (bus 0 bus_irq 9 global_irq 9 low level)
[    0.000000] Using ACPI (MADT) for SMP configuration information
[    0.000000] smpboot: Allowing 1 CPUs, 0 hotplug CPUs
[    0.000000] PM: Registered nosave memory: [mem 0x00000000-0x00000fff]
[    0.000000] PM: Registered nosave memory: [mem 0x0009f000-0x0009ffff]
[    0.000000] PM: Registered nosave memory: [mem 0x000a0000-0x000effff]
[    0.000000] PM: Registered nosave memory: [mem 0x000f0000-0x000fffff]
[    0.000000] e820: [mem 0x20000000-0xfebfffff] available for PCI devices
[    0.000000] Booting paravirtualized kernel on KVM
[    0.000000] clocksource: refined-jiffies: mask: 0xffffffff max_cycles: 0xffffffff, max_idle_ns: 7645519600211568 ns
[    0.000000] random: get_random_bytes called from start_kernel+0x99/0x500 with crng_init=0
[    0.000000] setup_percpu: NR_CPUS:8192 nr_cpumask_bits:1 nr_cpu_ids:1 nr_node_ids:1
[    0.000000] percpu: Embedded 45 pages/cpu s147456 r8192 d28672 u2097152
[    0.000000] PV qspinlock hash table entries: 256 (order: 0, 4096 bytes)
[    0.000000] Built 1 zonelists, mobility grouping on.  Total pages: 128889
[    0.000000] Policy zone: DMA32
[    0.000000] Kernel command line: BOOT_IMAGE=/boot/vmlinuz-4.15.0-163-generic root=UUID=b4821a18-e421-4128-97a6-636c3c3a9a1c ro console=tty1 console=ttyS0
[    0.000000] Memory: 465936K/523832K available (12300K kernel code, 2483K rwdata, 4320K rodata, 2448K init, 2724K bss, 57896K reserved, 0K cma-reserved)
[    0.000000] SLUB: HWalign=64, Order=0-3, MinObjects=0, CPUs=1, Nodes=1
[    0.000000] Kernel/User page tables isolation: enabled
[    0.000000] ftrace: allocating 39476 entries in 155 pages
[    0.004000] Hierarchical RCU implementation.
[    0.004000] 	RCU restricting CPUs from NR_CPUS=8192 to nr_cpu_ids=1.
[    0.004000] 	Tasks RCU enabled.
[    0.004000] RCU: Adjusting geometry for rcu_fanout_leaf=16, nr_cpu_ids=1
[    0.004000] NR_IRQS: 524544, nr_irqs: 256, preallocated irqs: 16
[    0.004000] Console: colour VGA+ 80x25
[    0.004000] console [tty1] enabled
[    0.004000] console [ttyS0] enabled
[    0.004000] ACPI: Core revision 20170831
[    0.004000] ACPI: 2 ACPI AML tables successfully acquired and loaded
[    0.004000] APIC: Switch to symmetric I/O mode setup
[    0.004000] x2apic enabled
[    0.004000] Switched APIC routing to physical x2apic.
[    0.004000] ..TIMER: vector=0x30 apic1=0 pin1=2 apic2=-1 pin2=-1
[    0.004003] tsc: Detected 2591.998 MHz processor
[    0.004837] Calibrating delay loop (skipped) preset value.. 5183.99 BogoMIPS (lpj=10367992)
[    0.005788] pid_max: default: 32768 minimum: 301
[    0.006721] Security Framework initialized
[    0.008002] Yama: becoming mindful.
[    0.008918] AppArmor: AppArmor initialized
[    0.009929] Dentry cache hash table entries: 65536 (order: 7, 524288 bytes)
[    0.011028] Inode-cache hash table entries: 32768 (order: 6, 262144 bytes)
[    0.012009] Mount-cache hash table entries: 1024 (order: 1, 8192 bytes)
[    0.013182] Mountpoint-cache hash table entries: 1024 (order: 1, 8192 bytes)
[    0.014618] process: using mwait in idle threads
[    0.016005] Last level iTLB entries: 4KB 64, 2MB 8, 4MB 8
[    0.016891] Last level dTLB entries: 4KB 64, 2MB 0, 4MB 0, 1GB 4
[    0.017902] Spectre V1 : Mitigation: usercopy/swapgs barriers and __user pointer sanitization
[    0.019415] Spectre V2 : Mitigation: Full generic retpoline
[    0.020001] Spectre V2 : Spectre v2 / SpectreRSB mitigation: Filling RSB on context switch
[    0.021436] Speculative Store Bypass: Vulnerable
[    0.022254] SRBDS: Unknown: Dependent on hypervisor status
[    0.023185] MDS: Mitigation: Clear CPU buffers
[    0.032387] Freeing SMP alternatives memory: 36K
[    0.142760] smpboot: CPU0: Intel(R) Core(TM) i7-9750H CPU @ 2.60GHz (family: 0x6, model: 0x9e, stepping: 0xa)
[    0.144000] Performance Events: unsupported p6 CPU model 158 no PMU driver, software events only.
[    0.144000] Hierarchical SRCU implementation.
[    0.144363] NMI watchdog: Perf event create on CPU 0 failed with -2
[    0.145606] NMI watchdog: Perf NMI watchdog permanently disabled
[    0.146691] smp: Bringing up secondary CPUs ...
[    0.147480] smp: Brought up 1 node, 1 CPU
[    0.148001] smpboot: Max logical packages: 1
[    0.148756] smpboot: Total of 1 processors activated (5183.99 BogoMIPS)
[    0.149916] devtmpfs: initialized
[    0.150549] x86/mm: Memory block size: 128MB
[    0.151441] evm: security.selinux
[    0.152003] evm: security.SMACK64
[    0.152643] evm: security.SMACK64EXEC
[    0.153293] evm: security.SMACK64TRANSMUTE
[    0.154022] evm: security.SMACK64MMAP
[    0.154657] evm: security.apparmor
[    0.155276] evm: security.ima
[    0.156001] evm: security.capability
[    0.156709] clocksource: jiffies: mask: 0xffffffff max_cycles: 0xffffffff, max_idle_ns: 7645041785100000 ns
[    0.158344] futex hash table entries: 256 (order: 2, 16384 bytes)
[    0.159384] pinctrl core: initialized pinctrl subsystem
[    0.160076] RTC time: 15:52:41, date: 12/10/21
[    0.160937] NET: Registered protocol family 16
[    0.161776] audit: initializing netlink subsys (disabled)
[    0.162782] cpuidle: using governor ladder
[    0.163458] cpuidle: using governor menu
[    0.164035] ACPI: bus type PCI registered
[    0.164731] acpiphp: ACPI Hot Plug PCI Controller Driver version: 0.5
[    0.165995] PCI: Using configuration type 1 for base access
[    0.166940] audit: type=2000 audit(1639151566.886:1): state=initialized audit_enabled=0 res=1
[    0.168877] HugeTLB registered 2.00 MiB page size, pre-allocated 0 pages
[    0.170120] ACPI: Added _OSI(Module Device)
[    0.170857] ACPI: Added _OSI(Processor Device)
[    0.172002] ACPI: Added _OSI(3.0 _SCP Extensions)
[    0.172819] ACPI: Added _OSI(Processor Aggregator Device)
[    0.173735] ACPI: Added _OSI(Linux-Dell-Video)
[    0.174509] ACPI: Added _OSI(Linux-Lenovo-NV-HDMI-Audio)
[    0.176005] ACPI: Added _OSI(Linux-HPI-Hybrid-Graphics)
[    0.177141] ACPI: Executed 1 blocks of module-level executable AML code
[    0.181638] ACPI: Interpreter enabled
[    0.182309] ACPI: (supports S0 S5)
[    0.182934] ACPI: Using IOAPIC for interrupt routing
[    0.184000] PCI: Using host bridge windows from ACPI; if necessary, use "pci=nocrs" and report a bug
[    0.184144] ACPI: Enabled 2 GPEs in block 00 to 07
[    0.192077] ACPI: PCI Root Bridge [PCI0] (domain 0000 [bus 00-ff])
[    0.193114] acpi PNP0A03:00: _OSC: OS supports [ASPM ClockPM Segments MSI]
[    0.194718] acpi PNP0A03:00: _OSC: not requesting OS control; OS requires [ExtendedConfig ASPM ClockPM MSI]
[    0.196008] acpi PNP0A03:00: fail to add MMCONFIG information, can't access extended PCI configuration space under this bridge.
[    0.198297] PCI host bridge to bus 0000:00
[    0.200003] pci_bus 0000:00: root bus resource [io  0x0000-0x0cf7 window]
[    0.201171] pci_bus 0000:00: root bus resource [io  0x0d00-0xffff window]
[    0.202446] pci_bus 0000:00: root bus resource [mem 0x000a0000-0x000bffff window]
[    0.204000] pci_bus 0000:00: root bus resource [mem 0x20000000-0xfdffffff window]
[    0.204002] pci_bus 0000:00: root bus resource [bus 00-ff]
[    0.208196] pci 0000:00:01.1: legacy IDE quirk: reg 0x10: [io  0x01f0-0x01f7]
[    0.209366] pci 0000:00:01.1: legacy IDE quirk: reg 0x14: [io  0x03f6]
[    0.210523] pci 0000:00:01.1: legacy IDE quirk: reg 0x18: [io  0x0170-0x0177]
[    0.211737] pci 0000:00:01.1: legacy IDE quirk: reg 0x1c: [io  0x0376]
[    0.219211] pci 0000:00:07.0: quirk: [io  0x4000-0x403f] claimed by PIIX4 ACPI
[    0.220011] pci 0000:00:07.0: quirk: [io  0x4100-0x410f] claimed by PIIX4 SMB
[    0.224454] ACPI: PCI Interrupt Link [LNKA] (IRQs 5 9 10 *11)
[    0.225725] ACPI: PCI Interrupt Link [LNKB] (IRQs 5 9 *10 11)
[    0.226799] ACPI: PCI Interrupt Link [LNKC] (IRQs 5 *9 10 11)
[    0.227866] ACPI: PCI Interrupt Link [LNKD] (IRQs 5 9 10 *11)
[    0.228216] SCSI subsystem initialized
[    0.228952] pci 0000:00:02.0: vgaarb: setting as boot VGA device
[    0.229952] pci 0000:00:02.0: vgaarb: VGA device added: decodes=io+mem,owns=io+mem,locks=none
[    0.231369] pci 0000:00:02.0: vgaarb: bridge control possible
[    0.232001] vgaarb: loaded
[    0.232535] ACPI: bus type USB registered
[    0.233248] usbcore: registered new interface driver usbfs
[    0.234187] usbcore: registered new interface driver hub
[    0.235102] usbcore: registered new device driver usb
[    0.236031] EDAC MC: Ver: 3.0.0
[    0.236810] PCI: Using ACPI for IRQ routing
[    0.237753] NetLabel: Initializing
[    0.238355] NetLabel:  domain hash size = 128
[    0.239109] NetLabel:  protocols = UNLABELED CIPSOv4 CALIPSO
[    0.240015] NetLabel:  unlabeled traffic allowed by default
[    0.241087] clocksource: Switched to clocksource kvm-clock
[    0.255964] VFS: Disk quotas dquot_6.6.0
[    0.256950] VFS: Dquot-cache hash table entries: 512 (order 0, 4096 bytes)
[    0.258169] AppArmor: AppArmor Filesystem Enabled
[    0.259054] pnp: PnP ACPI init
[    0.260556] pnp: PnP ACPI: found 3 devices
[    0.266590] clocksource: acpi_pm: mask: 0xffffff max_cycles: 0xffffff, max_idle_ns: 2085701024 ns
[    0.268064] NET: Registered protocol family 2
[    0.268890] IP idents hash table entries: 8192 (order: 4, 65536 bytes)
[    0.270145] TCP established hash table entries: 4096 (order: 3, 32768 bytes)
[    0.271341] TCP bind hash table entries: 4096 (order: 4, 65536 bytes)
[    0.272490] TCP: Hash tables configured (established 4096 bind 4096)
[    0.273569] UDP hash table entries: 256 (order: 1, 8192 bytes)
[    0.274539] UDP-Lite hash table entries: 256 (order: 1, 8192 bytes)
[    0.275709] NET: Registered protocol family 1
[    0.276572] pci 0000:00:00.0: Limiting direct PCI/PCI transfers
[    0.277591] pci 0000:00:01.0: Activating ISA DMA hang workarounds
[    0.278655] pci 0000:00:02.0: Video device with shadowed ROM at [mem 0x000c0000-0x000dffff]
[    0.280134] Unpacking initramfs...
[    0.546420] Freeing initrd memory: 20384K
[    0.547228] clocksource: tsc: mask: 0xffffffffffffffff max_cycles: 0x255cb518234, max_idle_ns: 440795279333 ns
[    0.549002] platform rtc_cmos: registered platform RTC device (no PNP device found)
[    0.550292] Scanning for low memory corruption every 60 seconds
[    0.551752] Initialise system trusted keyrings
[    0.552547] Key type blacklist registered
[    0.553288] workingset: timestamp_bits=36 max_order=17 bucket_order=0
[    0.555247] zbud: loaded
[    0.556093] squashfs: version 4.0 (2009/01/31) Phillip Lougher
[    0.557238] fuse init (API version 7.26)
[    0.560548] Key type asymmetric registered
[    0.561234] Asymmetric key parser 'x509' registered
[    0.562092] Block layer SCSI generic (bsg) driver version 0.4 loaded (major 246)
[    0.563405] io scheduler noop registered
[    0.564124] io scheduler deadline registered
[    0.564908] io scheduler cfq registered (default)
[    0.565899] ACPI: AC Adapter [AC] (on-line)
[    0.566729] input: Power Button as /devices/LNXSYSTM:00/LNXPWRBN:00/input/input0
[    0.568117] ACPI: Power Button [PWRF]
[    0.568910] input: Sleep Button as /devices/LNXSYSTM:00/LNXSLPBN:00/input/input1
[    0.570255] ACPI: Sleep Button [SLPF]
[    0.571664] ACPI: Battery Slot [BAT0] (battery present)
[    0.572738] Serial: 8250/16550 driver, 32 ports, IRQ sharing enabled
[    0.594591] 00:02: ttyS0 at I/O 0x3f8 (irq = 4, base_baud = 115200) is a 16550A
[    0.596968] Linux agpgart interface v0.103
[    0.598363] loop: module loaded
[    0.599207] scsi host0: ata_piix
[    0.599781] scsi host1: ata_piix
[    0.600310] ata1: PATA max UDMA/33 cmd 0x1f0 ctl 0x3f6 bmdma 0xd000 irq 14
[    0.601276] ata2: PATA max UDMA/33 cmd 0x170 ctl 0x376 bmdma 0xd008 irq 15
[    0.602633] libphy: Fixed MDIO Bus: probed
[    0.603241] tun: Universal TUN/TAP device driver, 1.6
[    0.603979] PPP generic driver version 2.4.2
[    0.604693] ehci_hcd: USB 2.0 'Enhanced' Host Controller (EHCI) Driver
[    0.605647] ehci-pci: EHCI PCI platform driver
[    0.606336] ehci-platform: EHCI generic platform driver
[    0.607129] ohci_hcd: USB 1.1 'Open' Host Controller (OHCI) Driver
[    0.608047] ohci-pci: OHCI PCI platform driver
[    0.608728] ohci-platform: OHCI generic platform driver
[    0.609477] uhci_hcd: USB Universal Host Controller Interface driver
[    0.610446] i8042: PNP: PS/2 Controller [PNP0303:PS2K,PNP0f03:PS2M] at 0x60,0x64 irq 1,12
[    0.612689] serio: i8042 KBD port at 0x60,0x64 irq 1
[    0.613573] serio: i8042 AUX port at 0x60,0x64 irq 12
[    0.615061] mousedev: PS/2 mouse device common for all mice
[    0.616909] input: AT Translated Set 2 keyboard as /devices/platform/i8042/serio0/input/input2
[    0.618751] rtc_cmos rtc_cmos: rtc core: registered rtc_cmos as rtc0
[    0.620033] rtc_cmos rtc_cmos: alarms up to one day, 114 bytes nvram
[    0.621864] i2c /dev entries driver
[    0.622568] device-mapper: uevent: version 1.0.3
[    0.623636] device-mapper: ioctl: 4.37.0-ioctl (2017-09-20) initialised: dm-devel@redhat.com
[    0.625200] ledtrig-cpu: registered to indicate activity on CPUs
[    0.626385] intel_pmc_core:  initialized
[    0.627383] NET: Registered protocol family 10
[    0.630775] Segment Routing with IPv6
[    0.631536] NET: Registered protocol family 17
[    0.632410] Key type dns_resolver registered
[    0.633327] mce: Using 0 MCE banks
[    0.633896] RAS: Correctable Errors collector initialized.
[    0.634821] sched_clock: Marking stable (632374239, 0)->(786182323, -153808084)
[    0.635970] registered taskstats version 1
[    0.636678] Loading compiled-in X.509 certificates
[    0.639189] Loaded X.509 cert 'Build time autogenerated kernel key: f60a4c8d126e94dbf36c5faa43fb49029eeea9a9'
[    0.641516] Loaded X.509 cert 'Canonical Ltd. Live Patch Signing: 14df34d1a87cf37625abec039ef2bf521249b969'
[    0.643318] Loaded X.509 cert 'Canonical Ltd. Kernel Module Signing: 88f752e560a1e0737e31163a466ad7b70a850c19'
[    0.644810] zswap: loaded using pool lzo/zbud
[    0.648148] Key type big_key registered
[    0.648816] Key type trusted registered
[    0.650563] Key type encrypted registered
[    0.651256] AppArmor: AppArmor sha1 policy hashing enabled
[    0.652100] ima: No TPM chip found, activating TPM-bypass! (rc=-19)
[    0.653030] ima: Allocated hash algorithm: sha1
[    0.653696] evm: HMAC attrs: 0x1
[    0.654442]   Magic number: 1:718:891
[    0.655002] event_source msr: hash matches
[    0.655646] rtc_cmos rtc_cmos: setting system clock to 2021-12-10 15:52:42 UTC (1639151562)
[    0.657149] BIOS EDD facility v0.16 2004-Jun-25, 0 devices found
[    0.658065] EDD information not available.
[    0.794305] Freeing unused kernel image memory: 2448K
[    0.805081] Write protecting the kernel read-only data: 20480k
[    0.806784] Freeing unused kernel image memory: 2008K
[    0.808061] Freeing unused kernel image memory: 1824K
[    0.817198] x86/mm: Checked W+X mappings: passed, no W+X pages found.
[    0.824526] x86/mm: Checking user space page tables
[    0.832054] x86/mm: Checked W+X mappings: passed, no W+X pages found.
Loading, please wait...
starting version 237
[    0.912276] e1000: Intel(R) PRO/1000 Network Driver - version 7.3.21-k8-NAPI
[    0.913477] e1000: Copyright (c) 1999-2006 Intel Corporation.
[    0.922363] Fusion MPT base driver 3.04.20
[    0.923122] Copyright (c) 1999-2008 LSI Corporation
[    0.926098] Fusion MPT SPI Host driver 3.04.20
[    0.945416] AVX2 version of gcm_enc/dec engaged.
[    0.946222] AES CTR mode by8 optimization enabled
[    1.135930] input: ImExPS/2 Generic Explorer Mouse as /devices/platform/i8042/serio1/input/input4
[    1.308102] e1000 0000:00:03.0 eth0: (PCI:33MHz:32-bit) 02:2f:77:f1:0c:e0
[    1.309319] e1000 0000:00:03.0 eth0: Intel(R) PRO/1000 Network Connection
[    1.312185] e1000 0000:00:03.0 enp0s3: renamed from eth0
[    1.313968] mptbase: ioc0: Initiating bringup
[    1.409282] ioc0: LSI53C1030 A0: Capabilities={Initiator}
[    1.656929] scsi host2: ioc0: LSI53C1030 A0, FwRev=00000000h, Ports=1, MaxQ=256, IRQ=20
[    1.829039] scsi 2:0:0:0: Direct-Access     VBOX     HARDDISK         1.0  PQ: 0 ANSI: 5
[    1.836321] scsi target2:0:0: Beginning Domain Validation
[    1.845781] scsi target2:0:0: Domain Validation skipping write tests
[    1.849497] scsi target2:0:0: Ending Domain Validation
[    1.852200] scsi target2:0:0: asynchronous
[    1.855362] scsi 2:0:1:0: Direct-Access     VBOX     HARDDISK         1.0  PQ: 0 ANSI: 5
[    1.858391] scsi target2:0:1: Beginning Domain Validation
[    1.860415] random: fast init done
[    1.864484] scsi target2:0:1: Domain Validation skipping write tests
[    1.866163] scsi target2:0:1: Ending Domain Validation
[    1.867599] scsi target2:0:1: asynchronous
[    1.873059] random: systemd-udevd: uninitialized urandom read (16 bytes read)
[    1.874175] random: systemd-udevd: uninitialized urandom read (16 bytes read)
[    1.875922] random: systemd-udevd: uninitialized urandom read (16 bytes read)
[    1.877319] sd 2:0:0:0: Attached scsi generic sg0 type 0
[    1.878541] sd 2:0:0:0: [sda] 83886080 512-byte logical blocks: (42.9 GB/40.0 GiB)
[    1.879934] sd 2:0:0:0: [sda] Write Protect is off
[    1.880885] sd 2:0:1:0: Attached scsi generic sg1 type 0
[    1.881858] sd 2:0:1:0: [sdb] 20480 512-byte logical blocks: (10.5 MB/10.0 MiB)
[    1.883082] sd 2:0:0:0: [sda] Incomplete mode parameter data
[    1.884039] sd 2:0:0:0: [sda] Assuming drive cache: write through
[    1.885125] sd 2:0:1:0: [sdb] Write Protect is off
[    1.886097] sd 2:0:1:0: [sdb] Incomplete mode parameter data
[    1.887047] sd 2:0:1:0: [sdb] Assuming drive cache: write through
[    1.890288]  sda: sda1
[    1.891470] sd 2:0:0:0: [sda] Attached SCSI disk
[    1.892400] sd 2:0:1:0: [sdb] Attached SCSI disk
Begin: Loading essential drivers ... [    3.324038] raid6: sse2x1   gen() 14513 MB/s
[    3.372076] raid6: sse2x1   xor()  9793 MB/s
[    3.420013] raid6: sse2x2   gen() 17892 MB/s
[    3.468046] raid6: sse2x2   xor() 11246 MB/s
[    3.516039] raid6: sse2x4   gen() 20287 MB/s
[    3.564047] raid6: sse2x4   xor() 12209 MB/s
[    3.612051] raid6: avx2x1   gen() 29107 MB/s
[    3.660025] raid6: avx2x1   xor() 18600 MB/s
[    3.708047] raid6: avx2x2   gen() 33231 MB/s
[    3.756027] raid6: avx2x2   xor() 19672 MB/s
[    3.804091] raid6: avx2x4   gen() 38394 MB/s
[    3.852094] raid6: avx2x4   xor() 21711 MB/s
[    3.852790] raid6: using algorithm avx2x4 gen() 38394 MB/s
[    3.853856] raid6: .... xor() 21711 MB/s, rmw enabled
[    3.854710] raid6: using avx2x2 recovery algorithm
[    3.856802] xor: automatically using best checksumming function   avx       
[    3.858820] async_tx: api initialized (async)
done.
Begin: Running /scripts/init-premount ... done.
Begin: Mounting root file system ... Begin: Running /scripts/local-top ... done.
Begin: Running /scripts/local-premount ... [    3.902251] Btrfs loaded, crc32c=crc32c-intel
Scanning for Btrfs filesystems
done.
Begin: Will now check root file system ... fsck from util-linux 2.31.1
[/sbin/fsck.ext4 (1) -- /dev/sda1] fsck.ext4 -a -C0 /dev/sda1 
cloudimg-rootfs: clean, 102535/5120000 files, 782850/10485499 blocks
done.
[    3.939881] EXT4-fs (sda1): mounted filesystem with ordered data mode. Opts: (null)
done.
Begin: Running /scripts/local-bottom ... done.
Begin: Running /scripts/init-bottom ... done.
[    4.080809] ip_tables: (C) 2000-2006 Netfilter Core Team
[    4.088466] systemd[1]: systemd 237 running in system mode. (+PAM +AUDIT +SELINUX +IMA +APPARMOR +SMACK +SYSVINIT +UTMP +LIBCRYPTSETUP +GCRYPT +GNUTLS +ACL +XZ +LZ4 +SECCOMP +BLKID +ELFUTILS +KMOD -IDN2 +IDN -PCRE2 default-hierarchy=hybrid)
[    4.091414] systemd[1]: Detected virtualization oracle.
[    4.092252] systemd[1]: Detected architecture x86-64.

Welcome to [1mUbuntu 18.04.6 LTS[0m!

[    4.109186] systemd[1]: Set hostname to <ubuntu-bionic>.
[    4.381021] systemd[1]: Set up automount Arbitrary Executable File Formats File System Automount Point.
[[0;32m  OK  [0m] Set up automount Arbitrary Executab…rmats File System Automount Point.
[    4.383751] systemd[1]: Created slice User and Session Slice.
[[0;32m  OK  [0m] Created slice User and Session Slice.
[    4.385311] systemd[1]: Reached target System Time Synchronized.
[[0;32m  OK  [0m] Reached target System Time Synchronized.
[    4.386865] systemd[1]: Reached target User and Group Name Lookups.
[[0;32m  OK  [0m] Reached target User and Group Name Lookups.
[    4.388416] systemd[1]: Started Forward Password Requests to Wall Directory Watch.
[[0;32m  OK  [0m] Started Forward Password Requests to Wall Directory Watch.
[    4.390557] systemd[1]: Created slice System Slice.
[[0;32m  OK  [0m] Created slice System Slice.
[[0;32m  OK  [0m] Listening on Journal Socket (/dev/log).
[[0;32m  OK  [0m] Reached target Slices.
[[0;32m  OK  [0m] Listening on LVM2 metadata daemon socket.
[[0;32m  OK  [0m] Listening on Device-mapper event daemon FIFOs.
[[0;32m  OK  [0m] Listening on udev Kernel Socket.
[[0;32m  OK  [0m] Created slice system-postgresql.slice.
[[0;32m  OK  [0m] Listening on LVM2 poll daemon socket.
[[0;32m  OK  [0m] Listening on Journal Audit Socket.
[[0;32m  OK  [0m] Listening on Network Service Netlink Socket.
[[0;32m  OK  [0m] Listening on udev Control Socket.
[[0;32m  OK  [0m] Listening on Syslog Socket.
[[0;32m  OK  [0m] Listening on Journal Socket.
         Starting Journal Service...
         Mounting Huge Pages File System...
         Starting udev Coldplug all Devices...
         Starting Monitoring of LVM2 mirrors…ng dmeventd or progress polling...
         Mounting POSIX Message Queue File System...
         Starting Uncomplicated firewall...
         Starting Load Kernel Modules...
         Mounting Kernel Debug File System...
         Starting Create list of required st…ce nodes for the current kernel...
[[0;32m  OK  [0m] Created slice system-serial\x2dgetty.slice.
[[0;32m  OK  [0m] Listening on /dev/initctl Compatibility Named Pipe.
[[0;32m  OK  [0m] Reached target Swap.
[[0;32m  OK  [0m] Listening on fsck to fsckd communication Socket.
         Starting Remount Root and Kernel File Systems...
         Starting Set the console keyboard layout...
[[0;32m  OK  [0m] Started Journal Service.
[[0;32m  OK  [0m] Mounted Huge Pages File System.
[[0;32m  OK  [0m] Mounted POSIX Message Queue File System.
[[0;32m  OK  [0m] Started Uncomplicated firewall.
[    4.501860] Loading iSCSI transport class v2.0-870.
[[0;32m  OK  [0m] Mounted Kernel[    4.508580] EXT4-fs (sda1): re-mounted. Opts: (null)
 Debug File System.
[[0;32m  OK  [0m] Started Create list of required sta…vice nodes for the current kernel.
[    4.523483] iscsi: registered transport (tcp)
[[0;32m  OK  [0m] Started Remount Root and Kernel File Systems.
[    4.540520] iscsi: registered transport (iser)
[[0;32m  OK  [0m] Started Load Kernel Modules.
[[0;32m  OK  [0m] Started udev Coldplug all Devices.
[[0;32m  OK  [0m] Started LVM2 metadata daemon.
         Mounting Kernel Configuration File System...
         Starting Apply Kernel Variables...
         Mounting FUSE Control File System...
         Starting Load/Save Random Seed...
         Starting Create Static Device Nodes in /dev...
         Starting Flush Journal to Persistent Storage...
[[0;32m  OK  [0m] Started Monitoring of LVM2 mirrors,…sing dmeventd or progress polling.
[[0;32m  OK  [0m] Mounted Kernel Configuration File System.
[[0;32m  OK  [0m] Mounted FUSE Control File System.
[[0;32m  OK  [0m] Started Create Static Device Nodes in /dev.
         Starting udev Kernel Device Manager...
[[0;32m  OK  [0m] Started Load/Save Random Seed.
[[0;32m  OK  [0m] Started Apply Kernel Variables.
[[0;32m  OK  [0m] Started udev Kernel Device Manager.
[[0;32m  OK  [0m] Started Set the console keyboard layout.
[[0;32m  OK  [0m] Reached target Local File Systems (Pre).
[[0;32m  OK  [0m] Reached target Local File Systems.
         Starting Tell Plymouth To Write Out Runtime Data...
         Starting Set console font and keymap...
         Starting ebtables ruleset management...
         Starting AppArmor initialization...
[[0;32m  OK  [0m] Started Dispatch Password Requests to Console Directory Watch.
[[0;32m  OK  [0m] Reached target Local Encrypted Volumes.
[[0;32m  OK  [0m] Started Set console font and keymap.
[[0;32m  OK  [0m] Started Tell Plymouth To Write Out Runtime Data.
[[0;32m  OK  [0m] Started Flush Journal to Persistent Storage.
         Starting Create Volatile Files and Directories...
[[0;32m  OK  [0m] Started Create Volatile Files and Directories.
         Starting Update UTMP about System Boot/Shutdown...
[[0;32m  OK  [0m] Started Update UTMP about System Boot/Shutdown.
[[0;32m  OK  [0m] Started ebtables ruleset management.
[[0;32m  OK  [0m] Started AppArmor initialization.
         Starting Load AppArmor profiles managed internally by snapd...
         Starting Initial cloud-init job (pre-networking)...
[[0;32m  OK  [0m] Started Load AppArmor profiles managed internally by snapd.
[[0;32m  OK  [0m] Found device /dev/ttyS0.
[[0;32m  OK  [0m] Listening on Load/Save RF Kill Switch Status /dev/rfkill Watch.
[    6.260200] cloud-init[535]: Cloud-init v. 21.2-3-g899bfaa9-0ubuntu2~18.04.1 running 'init-local' at Fri, 10 Dec 2021 15:52:47 +0000. Up 6.07 seconds.
[[0;32m  OK  [0m] Started Initial cloud-init job (pre-networking).
[[0;32m  OK  [0m] Reached target Network (Pre).
         Starting Network Service...
[[0;32m  OK  [0m] Started Network Service.
         Starting Network Name Resolution...
         Starting Wait for Network to be Configured...
[[0;32m  OK  [0m] Started Network Name Resolution.
[[0;32m  OK  [0m] Reached target Network.
[[0;32m  OK  [0m] Reached target Host and Network Name Lookups.
[[0;32m  OK  [0m] Started Wait for Network to be Configured.
         Starting Initial cloud-init job (metadata service crawler)...
[    9.065652] cloud-init[652]: Cloud-init v. 21.2-3-g899bfaa9-0ubuntu2~18.04.1 running 'init' at Fri, 10 Dec 2021 15:52:50 +0000. Up 8.87 seconds.
[    9.076182] cloud-init[652]: ci-info: +++++++++++++++++++++++++++++++++++++Net device info++++++++++++++++++++++++++++++++++++++
[    9.088313] cloud-init[652]: ci-info: +--------+------+---------------------------+---------------+--------+-------------------+
[    9.100645] cloud-init[652]: ci-info: | Device |  Up  |          Address          |      Mask     | Scope  |     Hw-Address    |
[    9.101478] cloud-init[652]: ci-info: +--------+------+---------------------------+---------------+--------+-------------------+
[    9.112190] cloud-init[652]: ci-info: | enp0s3 | True |         10.0.2.15         | 255.255.255.0 | global | 02:2f:77:f1:0c:e0 |
[    9.124591] cloud-init[652]: ci-info: | enp0s3 | True | fe80::2f:77ff:fef1:ce0/64 |       .       |  link  | 02:2f:77:f1:0c:e0 |
[    9.126176] cloud-init[652]: ci-info: |   lo   | True |         127.0.0.1         |   255.0.0.0   |  host  |         .         |
[    9.128110] cloud-init[652]: ci-info: |   lo   | True |          ::1/128          |       .       |  host  |         .         |
[    9.130866] cloud-init[652]: ci-info: +--------+------+---------------------------+---------------+--------+-------------------+
[    9.134170] cloud-init[652]: ci-info: ++++++++++++++++++++++++++++Route IPv4 info+++++++++++++++++++++++++++++
[    9.144144] cloud-init[652]: ci-info: +-------+-------------+----------+-----------------+-----------+-------+
[    9.145111] cloud-init[652]: ci-info: | Route | Destination | Gateway  |     Genmask     | Interface | Flags |
[    9.146175] cloud-init[652]: ci-info: +-------+-------------+----------+-----------------+-----------+-------+
[    9.147308] cloud-init[652]: ci-info: |   0   |   0.0.0.0   | 10.0.2.2 |     0.0.0.0     |   enp0s3  |   UG  |
[    9.149795] cloud-init[652]: ci-info: |   1   |   10.0.2.0  | 0.0.0.0  |  255.255.255.0  |   enp0s3  |   U   |
[    9.160180] cloud-init[652]: ci-info: |   2   |   10.0.2.2  | 0.0.0.0  | 255.255.255.255 |   enp0s3  |   UH  |
[    9.161383] cloud-init[652]: ci-info: +-------+-------------+----------+-----------------+-----------+-------+
[    9.162479] cloud-init[652]: ci-info: +++++++++++++++++++Route IPv6 info+++++++++++++++++++
[    9.164094] cloud-init[652]: ci-info: +-------+-------------+---------+-----------+-------+
[    9.165139] cloud-init[652]: ci-info: | Route | Destination | Gateway | Interface | Flags |
[    9.166144] cloud-init[652]: ci-info: +-------+-------------+---------+-----------+-------+
[    9.167887] cloud-init[652]: ci-info: |   1   |  fe80::/64  |    ::   |   enp0s3  |   U   |
[    9.171778] cloud-init[652]: ci-info: |   3   |    local    |    ::   |   enp0s3  |   U   |
[    9.172870] cloud-init[652]: ci-info: |   4   |   ff00::/8  |    ::   |   enp0s3  |   U   |
[    9.173531] cloud-init[652]: ci-info: +-------+-------------+---------+-----------+-------+
[[0;32m  OK  [0m] Started Initial cloud-init job (metadata service crawler).
[[0;32m  OK  [0m] Reached target Network is Online.
[[0;32m  OK  [0m] Reached target Remote File Systems (Pre).
[[0;32m  OK  [0m] Reached target Remote File Systems.
         Starting Availability of block devices...
[[0;32m  OK  [0m] Reached target Cloud-config availability.
[[0;32m  OK  [0m] Reached target System Initialization.
[[0;32m  OK  [0m] Started Daily Cleanup of Temporary Directories.
[[0;32m  OK  [0m] Started ACPI Events Check.
[[0;32m  OK  [0m] Reached target Paths.
         Starting LXD - unix socket.
[[0;32m  OK  [0m] Started Message of the Day.
[[0;32m  OK  [0m] Listening on D-Bus System Message Bus Socket.
[[0;32m  OK  [0m] Started Discard unused blocks once a week.
[[0;32m  OK  [0m] Listening on UUID daemon activation socket.
[[0;32m  OK  [0m] Started Ubuntu Advantage update messaging.
[[0;32m  OK  [0m] Listening on Open-iSCSI iscsid Socket.
[[0;32m  OK  [0m] Started Daily apt download activities.
[[0;32m  OK  [0m] Listening on ACPID Listen Socket.
         Starting Socket activation for snappy daemon.
[[0;32m  OK  [0m] Started Daily apt upgrade and clean activities.
[[0;32m  OK  [0m] Reached target Timers.
[[0;32m  OK  [0m] Started Availability of block devices.
[[0;32m  OK  [0m] Listening on LXD - unix socket.
[[0;32m  OK  [0m] Listening on Socket activation for snappy daemon.
[[0;32m  OK  [0m] Reached target Sockets.
[[0;32m  OK  [0m] Reached target Basic System.
         Starting Accounts Service...
[[0;32m  OK  [0m] Started Deferred execution scheduler.
         Starting PostgreSQL Cluster 12-main...
[[0;32m  OK  [0m] Started D-Bus System Message Bus.
         Starting Dispatcher daemon for systemd-networkd...
         Starting LSB: Record successful boot for GRUB...
         Starting System Logging Service...
[[0;32m  OK  [0m] Started irqbalance daemon.
[[0;32m  OK  [0m] Started Regular background program processing daemon.
         Starting Permit User Sessions...
         Starting OpenBSD Secure Shell server...
         Starting Snap Daemon...
         Starting Resets System Activity Data Collector...
[[0;32m  OK  [0m] Started FUSE filesystem for LXC.
         Starting LSB: automatic crash report generation...
         Starting Login Service...
         Starting Virtualbox guest utils...
         Starting LXD - container startup/shutdown...
[[0;32m  OK  [0m] Started System Logging Service.
[[0;32m  OK  [0m] Started Permit User Sessions.
[[0;32m  OK  [0m] Started Resets System Activity Data Collector.
[[0;32m  OK  [0m] Started Login Service.
[[0;32m  OK  [0m] Started Unattended Upgrades Shutdown.
         Starting Terminate Plymouth Boot Screen...
         Starting Hold until boot process finishes up...
         Starting Authorization Manager...
[[0;32m  OK  [0m] Started Hold until boot process finishes up.
[[0;32m  OK  [0m] Started Terminate Plymouth Boot Screen.
[[0;32m  OK  [0m] Started Serial Getty on ttyS0.
         Starting Set console scheme...
[[0;32m  OK  [0m] Started OpenBSD Secure Shell server.
[[0;32m  OK  [0m] Started LXD - container startup/shutdown.
[[0;32m  OK  [0m] Started Set console scheme.
[[0;32m  OK  [0m] Created slice system-getty.slice.
[[0;32m  OK  [0m] Started Getty on tty1.
[[0;32m  OK  [0m] Reached target Login Prompts.
[[0;32m  OK  [0m] Started Authorization Manager.
[[0;32m  OK  [0m] Started Accounts Service.
[[0;32m  OK  [0m] Started LSB: automatic crash report generation.
[[0;32m  OK  [0m] Started Virtualbox guest utils.
[[0;32m  OK  [0m] Started LSB: Record successful boot for GRUB.
[[0;32m  OK  [0m] Started Dispatcher daemon for systemd-networkd.
[[0;32m  OK  [0m] Started Snap Daemon.
         Starting Wait until snapd is fully seeded...
[[0;32m  OK  [0m] Started Wait until snapd is fully seeded.
         Starting Apply the settings specified in cloud-config...
[   11.823216] cloud-init[982]: Cloud-init v. 21.2-3-g899bfaa9-0ubuntu2~18.04.1 running 'modules:config' at Fri, 10 Dec 2021 15:52:53 +0000. Up 11.54 seconds.
[[0;32m  OK  [0m] Created slice User Slice of vagrant.
         Starting User Manager for UID 1000...
[[0;32m  OK  [0m] Started Session 1 of user vagrant.
[[0;32m  OK  [0m] Started Apply the settings specified in cloud-config.
[[0;32m  OK  [0m] Started User Manager for UID 1000.
[[0;32m  OK  [0m] Started PostgreSQL Cluster 12-main.
         Starting PostgreSQL RDBMS...
[[0;32m  OK  [0m] Started PostgreSQL RDBMS.
[[0;32m  OK  [0m] Reached target Multi-User System.
         Starting Execute cloud user/final scripts...
[[0;32m  OK  [0m] Reached target Graphical Interface.
         Starting Update UTMP about System Runlevel Changes...
[[0;32m  OK  [0m] Started Update UTMP about System Runlevel Changes.
[   13.660919] cloud-init[1157]: Cloud-init v. 21.2-3-g899bfaa9-0ubuntu2~18.04.1 running 'modules:final' at Fri, 10 Dec 2021 15:52:55 +0000. Up 13.47 seconds.
[   13.662549] cloud-init[1157]: Cloud-init v. 21.2-3-g899bfaa9-0ubuntu2~18.04.1 finished at Fri, 10 Dec 2021 15:52:55 +0000. Datasource DataSourceNoCloud [seed=/dev/sdb][dsmode=net].  Up 13.64 seconds
[[0;32m  OK  [0m] Started Execute cloud user/final scripts.
         Starting Daily apt download activities...
[[0;32m  OK  [0m] Reached target Cloud-init target.

Ubuntu 18.04.6 LTS ubuntu-bionic ttyS0

ubuntu-bionic login: [[0;32m  OK  [0m] Stopped Unattended Upgrades Shutdown.
         Stopping Authorization Manager...
         Stopping Availability of block devices...
[[0;32m  OK  [0m] Closed Load/Save RF Kill Switch Status /dev/rfkill Watch.
         Stopping Session 11 of user vagrant.
         Stopping User Manager for UID 1000...
[[0;32m  OK  [0m] Stopped target Graphical Interface.
         Stopping Accounts Service...
[[0;32m  OK  [0m] Stopped target Cloud-init target.
[[0;32m  OK  [0m] Stopped Execute cloud user/final scripts.
[[0;32m  OK  [0m] Stopped target Multi-User System.
         Stopping LXD - container startup/shutdown...
         Stopping D-Bus System Message Bus...
[[0;32m  OK  [0m] Stopped target Login Prompts.
         Stopping Serial Getty on ttyS0...
         Stopping Getty on tty1...
         Stopping Dispatcher daemon for systemd-networkd...
[[0;32m  OK  [0m] Stopped Resets System Activity Data Collector.
         Stopping FUSE filesystem for LXC...
         Stopping LSB: automatic crash report generation...
         Stopping Virtualbox guest utils...
         Stopping LSB: Record successful boot for GRUB...
         Stopping Regular background program processing daemon...
         Stopping OpenBSD Secure Shell server...
         Stopping Deferred execution scheduler...
         Stopping System Logging Service...
[[0;32m  OK  [0m] Stopped Apply the settings specified in cloud-config.
[[0;32m  OK  [0m] Stopped target Network is Online.
[[0;32m  OK  [0m] Stopped target Cloud-config availability.
[[0;32m  OK  [0m] Stopped Wait until snapd is fully seeded.
[[0;32m  OK  [0m] Stopped target Host and Network Name Lookups.
[[0;32m  OK  [0m] Stopped PostgreSQL RDBMS.
         Stopping PostgreSQL Cluster 12-main...
[[0;32m  OK  [0m] Stopped target Timers.
[[0;32m  OK  [0m] Stopped Message of the Day.
[[0;32m  OK  [0m] Stopped Daily apt upgrade and clean activities.
[[0;32m  OK  [0m] Stopped Discard unused blocks once a week.
[[0;32m  OK  [0m] Stopped Daily apt download activities.
[[0;32m  OK  [0m] Stopped Ubuntu Advantage update messaging.
[[0;32m  OK  [0m] Stopped target System Time Synchronized.
[[0;32m  OK  [0m] Stopped Daily Cleanup of Temporary Directories.
[[0;32m  OK  [0m] Unmounted /var/lib/lxcfs.
[[0;32m  OK  [0m] Stopped Accounts Service.
[[0;32m  OK  [0m] Stopped Deferred execution scheduler.
[[0;32m  OK  [0m] Stopped Dispatcher daemon for systemd-networkd.
[[0;32m  OK  [0m] Stopped System Logging Service.
[[0;32m  OK  [0m] Stopped Regular background program processing daemon.
[[0;32m  OK  [0m] Stopped Authorization Manager.
[[0;32m  OK  [0m] Stopped Serial Getty on ttyS0.
[[0;32m  OK  [0m] Stopped OpenBSD Secure Shell server.
[[0;32m  OK  [0m] Stopped Getty on tty1.
[[0;32m  OK  [0m] Stopped User Manager for UID 1000.
[[0;32m  OK  [0m] Stopped Availability of block devices.
[[0;32m  OK  [0m] Stopped D-Bus System Message Bus.
[[0;32m  OK  [0m] Stopped FUSE filesystem for LXC.
[[0;32m  OK  [0m] Stopped Session 11 of user vagrant.
[[0;32m  OK  [0m] Removed slice User Slice of vagrant.
         Stopping Login Service...
[[0;32m  OK  [0m] Removed slice system-getty.slice.
[[0;32m  OK  [0m] Removed slice system-serial\x2dgetty.slice.
         Stopping Permit User Sessions...
[[0;32m  OK  [0m] Stopped Login Service.
[[0;32m  OK  [0m] Stopped LXD - container startup/shutdown.
[[0;32m  OK  [0m] Stopped Permit User Sessions.
[[0;32m  OK  [0m] Stopped target User and Group Name Lookups.
[[0;32m  OK  [0m] Stopped LSB: Record successful boot for GRUB.
[[0;32m  OK  [0m] Stopped LSB: automatic crash report generation.
[[0;32m  OK  [0m] Stopped Virtualbox guest utils.
[[0;32m  OK  [0m] Stopped target Remote File Systems.
[[0;32m  OK  [0m] Stopped target Remote File Systems (Pre).
[[0;32m  OK  [0m] Stopped PostgreSQL Cluster 12-main.
[[0;32m  OK  [0m] Stopped target Basic System.
[[0;32m  OK  [0m] Stopped target Paths.
[[0;32m  OK  [0m] Stopped ACPI Events Check.
[[0;32m  OK  [0m] Stopped target Sockets.
[[0;32m  OK  [0m] Closed D-Bus System Message Bus Socket.
[[0;32m  OK  [0m] Closed Socket activation for snappy daemon.
[[0;32m  OK  [0m] Closed ACPID Listen Socket.
[[0;32m  OK  [0m] Closed Open-iSCSI iscsid Socket.
[[0;32m  OK  [0m] Closed UUID daemon activation socket.
[[0;32m  OK  [0m] Closed Syslog Socket.
[[0;32m  OK  [0m] Closed LXD - unix socket.
[[0;32m  OK  [0m] Stopped target Slices.
[[0;32m  OK  [0m] Removed slice User and Session Slice.
[[0;32m  OK  [0m] Stopped target Network.
         Stopping Network Name Resolution...
[[0;32m  OK  [0m] Stopped target System Initialization.
         Stopping Update UTMP about System Boot/Shutdown...
[[0;32m  OK  [0m] Stopped Initial cloud-init job (metadata service crawler).
[[0;32m  OK  [0m] Stopped Wait for Network to be Configured.
         Stopping Load/Save Random Seed...
[[0;32m  OK  [0m] Stopped target Local Encrypted Volumes.
[[0;32m  OK  [0m] Stopped Dispatch Password Requests to Console Directory Watch.
[[0;32m  OK  [0m] Stopped Forward Password Requests to Wall Directory Watch.
[[0;32m  OK  [0m] Removed slice system-postgresql.slice.
[[0;32m  OK  [0m] Stopped Network Name Resolution.
[[0;32m  OK  [0m] Stopped Load/Save Random Seed.
         Stopping Network Service...
[[0;32m  OK  [0m] Stopped Update UTMP about System Boot/Shutdown.
[[0;32m  OK  [0m] Stopped Create Volatile Files and Directories.
[[0;32m  OK  [0m] Stopped target Local File Systems.
         Unmounting /run/user/1000...
[[0;32m  OK  [0m] Stopped Network Service.
[[0;32m  OK  [0m] Stopped target Network (Pre).
[[0;32m  OK  [0m] Stopped Initial cloud-init job (pre-networking).
[[0;32m  OK  [0m] Stopped Apply Kernel Variables.
[[0;32m  OK  [0m] Stopped Load Kernel Modules.
[[0;32m  OK  [0m] Unmounted /run/user/1000.
[[0;32m  OK  [0m] Reached target Unmount All Filesystems.
[[0;32m  OK  [0m] Stopped target Local File Systems (Pre).
         Stopping Monitoring of LVM2 mirrors…ng dmeventd or progress polling...
[[0;32m  OK  [0m] Stopped Remount Root and Kernel File Systems.
[[0;32m  OK  [0m] Stopped Create Static Device Nodes in /dev.
[[0;32m  OK  [0m] Stopped target Swap.
[[0;32m  OK  [0m] Reached target Shutdown.
[[0;32m  OK  [0m] Reached target Final Step.
         Starting Power-Off...
[ 3776.939314] reboot: Power down
